<?xml version="1.0" encoding="UTF-8"?>
<coverage generated="1519756498484" clover="3.2.0">
  <project timestamp="1519756498488" name="All files">
    <metrics statements="37" coveredstatements="24" conditionals="21" coveredconditionals="5" methods="16" coveredmethods="9" elements="74" coveredelements="38" complexity="0" loc="37" ncloc="37" packages="2" files="2" classes="2">
      <package name="dadata-js">
        <metrics statements="12" coveredstatements="7" conditionals="4" coveredconditionals="2" methods="4" coveredmethods="3"/>
        <file name="index.js" path="C:\Users\xps\Documents\Programming\Projects\KazanExpress\dadata-js\index.js">
          <metrics statements="12" coveredstatements="7" conditionals="4" coveredconditionals="2" methods="4" coveredmethods="3"/>
          <line num="5" count="1" type="stmt"/>
          <line num="6" count="1" type="stmt"/>
          <line num="7" count="1" type="stmt"/>
          <line num="10" count="2" type="stmt"/>
          <line num="13" count="1" type="stmt"/>
          <line num="14" count="1" type="cond" truecount="2" falsecount="0"/>
          <line num="16" count="0" type="cond" truecount="0" falsecount="2"/>
          <line num="17" count="0" type="stmt"/>
          <line num="18" count="0" type="stmt"/>
          <line num="20" count="0" type="stmt"/>
          <line num="23" count="1" type="stmt"/>
          <line num="28" count="0" type="stmt"/>
        </file>
      </package>
      <package name="dadata-js.models">
        <metrics statements="25" coveredstatements="17" conditionals="17" coveredconditionals="3" methods="12" coveredmethods="6"/>
        <file name="dadata.js" path="C:\Users\xps\Documents\Programming\Projects\KazanExpress\dadata-js\models\dadata.js">
          <metrics statements="25" coveredstatements="17" conditionals="17" coveredconditionals="3" methods="12" coveredmethods="6"/>
          <line num="3" count="2" type="stmt"/>
          <line num="5" count="2" type="stmt"/>
          <line num="10" count="2" type="stmt"/>
          <line num="18" count="2" type="stmt"/>
          <line num="24" count="2" type="stmt"/>
          <line num="31" count="2" type="stmt"/>
          <line num="32" count="2" type="stmt"/>
          <line num="33" count="2" type="stmt"/>
          <line num="35" count="2" type="stmt"/>
          <line num="64" count="2" type="cond" truecount="2" falsecount="2"/>
          <line num="65" count="0" type="cond" truecount="0" falsecount="2"/>
          <line num="66" count="0" type="cond" truecount="0" falsecount="2"/>
          <line num="71" count="4" type="stmt"/>
          <line num="74" count="0" type="cond" truecount="0" falsecount="2"/>
          <line num="80" count="0" type="cond" truecount="0" falsecount="2"/>
          <line num="84" count="0" type="cond" truecount="0" falsecount="2"/>
          <line num="88" count="4" type="stmt"/>
          <line num="92" count="2" type="stmt"/>
          <line num="93" count="2" type="stmt"/>
          <line num="100" count="1" type="cond" truecount="1" falsecount="1"/>
          <line num="101" count="0" type="stmt"/>
          <line num="102" count="0" type="stmt"/>
          <line num="103" count="0" type="stmt"/>
          <line num="107" count="1" type="stmt"/>
          <line num="108" count="1" type="stmt"/>
        </file>
      </package>
    </metrics>
  </project>
</coverage>
