{"C:\\Users\\xps\\Documents\\Programming\\Projects\\KazanExpress\\dadata-js\\models\\dadata.js": {"path":"C:\\Users\\xps\\Documents\\Programming\\Projects\\KazanExpress\\dadata-js\\models\\dadata.js","statementMap":{"0":{"start":{"line":3,"column":23},"end":{"line":3,"column":77}},"1":{"start":{"line":5,"column":23},"end":{"line":8,"column":1}},"2":{"start":{"line":10,"column":27},"end":{"line":16,"column":1}},"3":{"start":{"line":18,"column":30},"end":{"line":22,"column":1}},"4":{"start":{"line":24,"column":27},"end":{"line":27,"column":1}},"5":{"start":{"line":31,"column":4},"end":{"line":31,"column":15}},"6":{"start":{"line":32,"column":4},"end":{"line":32,"column":35}},"7":{"start":{"line":33,"column":4},"end":{"line":33,"column":24}},"8":{"start":{"line":35,"column":4},"end":{"line":76,"column":6}},"9":{"start":{"line":64,"column":20},"end":{"line":64,"column":49}},"10":{"start":{"line":65,"column":27},"end":{"line":65,"column":75}},"11":{"start":{"line":66,"column":26},"end":{"line":66,"column":71}},"12":{"start":{"line":71,"column":8},"end":{"line":71,"column":48}},"13":{"start":{"line":74,"column":8},"end":{"line":74,"column":40}},"14":{"start":{"line":80,"column":4},"end":{"line":80,"column":30}},"15":{"start":{"line":84,"column":4},"end":{"line":84,"column":25}},"16":{"start":{"line":88,"column":4},"end":{"line":88,"column":52}},"17":{"start":{"line":92,"column":4},"end":{"line":92,"column":22}},"18":{"start":{"line":93,"column":4},"end":{"line":95,"column":6}},"19":{"start":{"line":100,"column":4},"end":{"line":105,"column":5}},"20":{"start":{"line":101,"column":6},"end":{"line":101,"column":81}},"21":{"start":{"line":102,"column":6},"end":{"line":104,"column":8}},"22":{"start":{"line":103,"column":8},"end":{"line":103,"column":53}},"23":{"start":{"line":107,"column":4},"end":{"line":107,"column":35}},"24":{"start":{"line":108,"column":4},"end":{"line":112,"column":8}}},"fnMap":{"0":{"name":"(anonymous_0)","decl":{"start":{"line":30,"column":2},"end":{"line":30,"column":3}},"loc":{"start":{"line":30,"column":28},"end":{"line":77,"column":3}},"line":30},"1":{"name":"(anonymous_1)","decl":{"start":{"line":64,"column":13},"end":{"line":64,"column":14}},"loc":{"start":{"line":64,"column":20},"end":{"line":64,"column":49}},"line":64},"2":{"name":"(anonymous_2)","decl":{"start":{"line":65,"column":20},"end":{"line":65,"column":21}},"loc":{"start":{"line":65,"column":27},"end":{"line":65,"column":75}},"line":65},"3":{"name":"(anonymous_3)","decl":{"start":{"line":66,"column":19},"end":{"line":66,"column":20}},"loc":{"start":{"line":66,"column":26},"end":{"line":66,"column":71}},"line":66},"4":{"name":"(anonymous_4)","decl":{"start":{"line":70,"column":13},"end":{"line":70,"column":14}},"loc":{"start":{"line":70,"column":32},"end":{"line":72,"column":7}},"line":70},"5":{"name":"(anonymous_5)","decl":{"start":{"line":73,"column":15},"end":{"line":73,"column":16}},"loc":{"start":{"line":73,"column":33},"end":{"line":75,"column":7}},"line":73},"6":{"name":"(anonymous_6)","decl":{"start":{"line":79,"column":2},"end":{"line":79,"column":3}},"loc":{"start":{"line":79,"column":17},"end":{"line":81,"column":3}},"line":79},"7":{"name":"(anonymous_7)","decl":{"start":{"line":83,"column":2},"end":{"line":83,"column":3}},"loc":{"start":{"line":83,"column":27},"end":{"line":85,"column":3}},"line":83},"8":{"name":"(anonymous_8)","decl":{"start":{"line":87,"column":2},"end":{"line":87,"column":3}},"loc":{"start":{"line":87,"column":28},"end":{"line":89,"column":3}},"line":87},"9":{"name":"(anonymous_9)","decl":{"start":{"line":91,"column":2},"end":{"line":91,"column":3}},"loc":{"start":{"line":91,"column":19},"end":{"line":96,"column":3}},"line":91},"10":{"name":"(anonymous_10)","decl":{"start":{"line":99,"column":2},"end":{"line":99,"column":3}},"loc":{"start":{"line":99,"column":26},"end":{"line":113,"column":3}},"line":99},"11":{"name":"(anonymous_11)","decl":{"start":{"line":102,"column":25},"end":{"line":102,"column":26}},"loc":{"start":{"line":102,"column":46},"end":{"line":104,"column":7}},"line":102}},"branchMap":{"0":{"loc":{"start":{"line":64,"column":20},"end":{"line":64,"column":49}},"type":"cond-expr","locations":[{"start":{"line":64,"column":39},"end":{"line":64,"column":42}},{"start":{"line":64,"column":45},"end":{"line":64,"column":49}}],"line":64},"1":{"loc":{"start":{"line":64,"column":20},"end":{"line":64,"column":36}},"type":"binary-expr","locations":[{"start":{"line":64,"column":20},"end":{"line":64,"column":23}},{"start":{"line":64,"column":27},"end":{"line":64,"column":36}}],"line":64},"2":{"loc":{"start":{"line":65,"column":27},"end":{"line":65,"column":75}},"type":"cond-expr","locations":[{"start":{"line":65,"column":65},"end":{"line":65,"column":68}},{"start":{"line":65,"column":71},"end":{"line":65,"column":75}}],"line":65},"3":{"loc":{"start":{"line":66,"column":26},"end":{"line":66,"column":71}},"type":"cond-expr","locations":[{"start":{"line":66,"column":61},"end":{"line":66,"column":64}},{"start":{"line":66,"column":67},"end":{"line":66,"column":71}}],"line":66},"4":{"loc":{"start":{"line":74,"column":24},"end":{"line":74,"column":38}},"type":"binary-expr","locations":[{"start":{"line":74,"column":24},"end":{"line":74,"column":29}},{"start":{"line":74,"column":33},"end":{"line":74,"column":38}}],"line":74},"5":{"loc":{"start":{"line":80,"column":11},"end":{"line":80,"column":30}},"type":"binary-expr","locations":[{"start":{"line":80,"column":11},"end":{"line":80,"column":24}},{"start":{"line":80,"column":28},"end":{"line":80,"column":30}}],"line":80},"6":{"loc":{"start":{"line":83,"column":15},"end":{"line":83,"column":25}},"type":"default-arg","locations":[{"start":{"line":83,"column":23},"end":{"line":83,"column":25}}],"line":83},"7":{"loc":{"start":{"line":87,"column":14},"end":{"line":87,"column":26}},"type":"default-arg","locations":[{"start":{"line":87,"column":24},"end":{"line":87,"column":26}}],"line":87},"8":{"loc":{"start":{"line":100,"column":4},"end":{"line":105,"column":5}},"type":"if","locations":[{"start":{"line":100,"column":4},"end":{"line":105,"column":5}},{"start":{"line":100,"column":4},"end":{"line":105,"column":5}}],"line":100}},"s":{"0":1,"1":1,"2":1,"3":1,"4":1,"5":1,"6":0,"7":0,"8":0,"9":0,"10":0,"11":0,"12":0,"13":0,"14":0,"15":0,"16":0,"17":0,"18":0,"19":0,"20":0,"21":0,"22":0,"23":0,"24":0},"f":{"0":1,"1":0,"2":0,"3":0,"4":0,"5":0,"6":0,"7":0,"8":0,"9":0,"10":0,"11":0},"b":{"0":[0,0],"1":[0,0],"2":[0,0],"3":[0,0],"4":[0,0],"5":[0,0],"6":[0],"7":[0],"8":[0,0]},"_coverageSchema":"332fd63041d2c1bcb487cc26dd0d5f7d97098a6c","hash":"114890d8f2d3a755f67c75c7498ea3f8e50c1a51"}
}
