TN:
SF:C:\Users\xps\Documents\Programming\Projects\KazanExpress\dadata-js\index.js
FN:4,(anonymous_0)
FN:10,(anonymous_1)
FN:12,(anonymous_2)
FN:27,(anonymous_3)
FNF:4
FNH:3
FNDA:1,(anonymous_0)
FNDA:2,(anonymous_1)
FNDA:1,(anonymous_2)
FNDA:0,(anonymous_3)
DA:5,1
DA:6,1
DA:7,1
DA:10,2
DA:13,1
DA:14,1
DA:16,0
DA:17,0
DA:18,0
DA:20,0
DA:23,1
DA:28,0
LF:12
LH:7
BRDA:14,0,0,1
BRDA:14,0,1,1
BRDA:16,1,0,0
BRDA:16,1,1,0
BRF:4
BRH:2
end_of_record
TN:
SF:C:\Users\xps\Documents\Programming\Projects\KazanExpress\dadata-js\models\dadata.js
FN:30,(anonymous_0)
FN:64,(anonymous_1)
FN:65,(anonymous_2)
FN:66,(anonymous_3)
FN:70,(anonymous_4)
FN:73,(anonymous_5)
FN:79,(anonymous_6)
FN:83,(anonymous_7)
FN:87,(anonymous_8)
FN:91,(anonymous_9)
FN:99,(anonymous_10)
FN:102,(anonymous_11)
FNF:12
FNH:6
FNDA:2,(anonymous_0)
FNDA:2,(anonymous_1)
FNDA:0,(anonymous_2)
FNDA:0,(anonymous_3)
FNDA:4,(anonymous_4)
FNDA:0,(anonymous_5)
FNDA:0,(anonymous_6)
FNDA:0,(anonymous_7)
FNDA:4,(anonymous_8)
FNDA:2,(anonymous_9)
FNDA:1,(anonymous_10)
FNDA:0,(anonymous_11)
DA:3,2
DA:5,2
DA:10,2
DA:18,2
DA:24,2
DA:31,2
DA:32,2
DA:33,2
DA:35,2
DA:64,2
DA:65,0
DA:66,0
DA:71,4
DA:74,0
DA:80,0
DA:84,0
DA:88,4
DA:92,2
DA:93,2
DA:100,1
DA:101,0
DA:102,0
DA:103,0
DA:107,1
DA:108,1
LF:25
LH:17
BRDA:64,0,0,0
BRDA:64,0,1,2
BRDA:64,1,0,2
BRDA:64,1,1,0
BRDA:65,2,0,0
BRDA:65,2,1,0
BRDA:66,3,0,0
BRDA:66,3,1,0
BRDA:74,4,0,0
BRDA:74,4,1,0
BRDA:80,5,0,0
BRDA:80,5,1,0
BRDA:84,6,0,0
BRDA:84,6,1,0
BRDA:87,7,0,0
BRDA:100,8,0,0
BRDA:100,8,1,1
BRF:17
BRH:3
end_of_record
